<?xml version="1.0" encoding="UTF-8"?>
<testsuite xmlns:xsi="http://www.w3.org/2001/XMLSchema-instance" xsi:noNamespaceSchemaLocation="https://maven.apache.org/surefire/maven-surefire-plugin/xsd/surefire-test-report.xsd" name="com.pcwk.ehr.JunitUserDaoTest" time="13.642" tests="4" errors="0" skipped="1" failures="3">
  <properties>
    <property name="sun.desktop" value="windows"/>
    <property name="awt.toolkit" value="sun.awt.windows.WToolkit"/>
    <property name="file.encoding.pkg" value="sun.io"/>
    <property name="java.specification.version" value="1.8"/>
    <property name="sun.cpu.isalist" value="amd64"/>
    <property name="sun.jnu.encoding" value="MS949"/>
    <property name="java.class.path" value="C:\DCOM_20220127\04_SPRING\workspace\S_SH12_02\target\test-classes;C:\DCOM_20220127\04_SPRING\workspace\S_SH12_02\target\classes;C:\DCOM_20220127\04_SPRING\repository\aopalliance\aopalliance\1.0\aopalliance-1.0.jar;C:\DCOM_20220127\04_SPRING\repository\org\aspectj\aspectjweaver\1.9.8\aspectjweaver-1.9.8.jar;C:\DCOM_20220127\04_SPRING\repository\org\aspectj\aspectjrt\1.9.8\aspectjrt-1.9.8.jar;C:\DCOM_20220127\04_SPRING\repository\javax\mail\mail\1.4.7\mail-1.4.7.jar;C:\DCOM_20220127\04_SPRING\repository\javax\activation\activation\1.1\activation-1.1.jar;C:\DCOM_20220127\04_SPRING\repository\org\springframework\spring-context-support\5.3.18\spring-context-support-5.3.18.jar;C:\DCOM_20220127\04_SPRING\repository\org\springframework\spring-beans\5.3.18\spring-beans-5.3.18.jar;C:\DCOM_20220127\04_SPRING\repository\org\springframework\spring-core\5.3.18\spring-core-5.3.18.jar;C:\DCOM_20220127\04_SPRING\repository\org\springframework\spring-jcl\5.3.18\spring-jcl-5.3.18.jar;C:\DCOM_20220127\04_SPRING\repository\org\springframework\spring-test\5.3.18\spring-test-5.3.18.jar;C:\DCOM_20220127\04_SPRING\repository\org\springframework\spring-jdbc\5.3.18\spring-jdbc-5.3.18.jar;C:\DCOM_20220127\04_SPRING\repository\org\springframework\spring-tx\5.3.18\spring-tx-5.3.18.jar;C:\DCOM_20220127\04_SPRING\repository\org\springframework\spring-context\5.3.18\spring-context-5.3.18.jar;C:\DCOM_20220127\04_SPRING\repository\org\springframework\spring-aop\5.3.18\spring-aop-5.3.18.jar;C:\DCOM_20220127\04_SPRING\repository\org\springframework\spring-expression\5.3.18\spring-expression-5.3.18.jar;C:\DCOM_20220127\04_SPRING\repository\com\oracle\database\jdbc\ojdbc8\18.3.0.0\ojdbc8-18.3.0.0.jar;C:\DCOM_20220127\04_SPRING\repository\com\oracle\database\jdbc\ucp\18.3.0.0\ucp-18.3.0.0.jar;C:\DCOM_20220127\04_SPRING\repository\com\oracle\database\security\oraclepki\18.3.0.0\oraclepki-18.3.0.0.jar;C:\DCOM_20220127\04_SPRING\repository\com\oracle\database\security\osdt_cert\18.3.0.0\osdt_cert-18.3.0.0.jar;C:\DCOM_20220127\04_SPRING\repository\com\oracle\database\security\osdt_core\18.3.0.0\osdt_core-18.3.0.0.jar;C:\DCOM_20220127\04_SPRING\repository\com\oracle\database\ha\simplefan\18.3.0.0\simplefan-18.3.0.0.jar;C:\DCOM_20220127\04_SPRING\repository\com\oracle\database\ha\ons\18.3.0.0\ons-18.3.0.0.jar;C:\DCOM_20220127\04_SPRING\repository\org\apache\logging\log4j\log4j-core\2.17.2\log4j-core-2.17.2.jar;C:\DCOM_20220127\04_SPRING\repository\org\apache\logging\log4j\log4j-api\2.17.2\log4j-api-2.17.2.jar;C:\DCOM_20220127\04_SPRING\repository\junit\junit\4.13.2\junit-4.13.2.jar;C:\DCOM_20220127\04_SPRING\repository\org\hamcrest\hamcrest-core\1.3\hamcrest-core-1.3.jar;"/>
    <property name="java.vm.vendor" value="Oracle Corporation"/>
    <property name="sun.arch.data.model" value="64"/>
    <property name="user.variant" value=""/>
    <property name="java.vendor.url" value="http://java.oracle.com/"/>
    <property name="user.timezone" value="Asia/Seoul"/>
    <property name="java.vm.specification.version" value="1.8"/>
    <property name="os.name" value="Windows 10"/>
    <property name="user.country" value="KR"/>
    <property name="sun.java.launcher" value="SUN_STANDARD"/>
    <property name="sun.boot.library.path" value="C:\Program Files\Java\jdk1.8.0_202\jre\bin"/>
    <property name="sun.java.command" value="C:\Users\joohe\AppData\Local\Temp\surefire1660833826139503891\surefirebooter1839633217161773213.jar C:\Users\joohe\AppData\Local\Temp\surefire1660833826139503891 2022-06-10T14-03-07_063-jvmRun1 surefire631158724587007443tmp surefire_03502976812155320153tmp"/>
    <property name="surefire.test.class.path" value="C:\DCOM_20220127\04_SPRING\workspace\S_SH12_02\target\test-classes;C:\DCOM_20220127\04_SPRING\workspace\S_SH12_02\target\classes;C:\DCOM_20220127\04_SPRING\repository\aopalliance\aopalliance\1.0\aopalliance-1.0.jar;C:\DCOM_20220127\04_SPRING\repository\org\aspectj\aspectjweaver\1.9.8\aspectjweaver-1.9.8.jar;C:\DCOM_20220127\04_SPRING\repository\org\aspectj\aspectjrt\1.9.8\aspectjrt-1.9.8.jar;C:\DCOM_20220127\04_SPRING\repository\javax\mail\mail\1.4.7\mail-1.4.7.jar;C:\DCOM_20220127\04_SPRING\repository\javax\activation\activation\1.1\activation-1.1.jar;C:\DCOM_20220127\04_SPRING\repository\org\springframework\spring-context-support\5.3.18\spring-context-support-5.3.18.jar;C:\DCOM_20220127\04_SPRING\repository\org\springframework\spring-beans\5.3.18\spring-beans-5.3.18.jar;C:\DCOM_20220127\04_SPRING\repository\org\springframework\spring-core\5.3.18\spring-core-5.3.18.jar;C:\DCOM_20220127\04_SPRING\repository\org\springframework\spring-jcl\5.3.18\spring-jcl-5.3.18.jar;C:\DCOM_20220127\04_SPRING\repository\org\springframework\spring-test\5.3.18\spring-test-5.3.18.jar;C:\DCOM_20220127\04_SPRING\repository\org\springframework\spring-jdbc\5.3.18\spring-jdbc-5.3.18.jar;C:\DCOM_20220127\04_SPRING\repository\org\springframework\spring-tx\5.3.18\spring-tx-5.3.18.jar;C:\DCOM_20220127\04_SPRING\repository\org\springframework\spring-context\5.3.18\spring-context-5.3.18.jar;C:\DCOM_20220127\04_SPRING\repository\org\springframework\spring-aop\5.3.18\spring-aop-5.3.18.jar;C:\DCOM_20220127\04_SPRING\repository\org\springframework\spring-expression\5.3.18\spring-expression-5.3.18.jar;C:\DCOM_20220127\04_SPRING\repository\com\oracle\database\jdbc\ojdbc8\18.3.0.0\ojdbc8-18.3.0.0.jar;C:\DCOM_20220127\04_SPRING\repository\com\oracle\database\jdbc\ucp\18.3.0.0\ucp-18.3.0.0.jar;C:\DCOM_20220127\04_SPRING\repository\com\oracle\database\security\oraclepki\18.3.0.0\oraclepki-18.3.0.0.jar;C:\DCOM_20220127\04_SPRING\repository\com\oracle\database\security\osdt_cert\18.3.0.0\osdt_cert-18.3.0.0.jar;C:\DCOM_20220127\04_SPRING\repository\com\oracle\database\security\osdt_core\18.3.0.0\osdt_core-18.3.0.0.jar;C:\DCOM_20220127\04_SPRING\repository\com\oracle\database\ha\simplefan\18.3.0.0\simplefan-18.3.0.0.jar;C:\DCOM_20220127\04_SPRING\repository\com\oracle\database\ha\ons\18.3.0.0\ons-18.3.0.0.jar;C:\DCOM_20220127\04_SPRING\repository\org\apache\logging\log4j\log4j-core\2.17.2\log4j-core-2.17.2.jar;C:\DCOM_20220127\04_SPRING\repository\org\apache\logging\log4j\log4j-api\2.17.2\log4j-api-2.17.2.jar;C:\DCOM_20220127\04_SPRING\repository\junit\junit\4.13.2\junit-4.13.2.jar;C:\DCOM_20220127\04_SPRING\repository\org\hamcrest\hamcrest-core\1.3\hamcrest-core-1.3.jar;"/>
    <property name="sun.cpu.endian" value="little"/>
    <property name="user.home" value="C:\Users\joohe"/>
    <property name="user.language" value="ko"/>
    <property name="java.specification.vendor" value="Oracle Corporation"/>
    <property name="java.home" value="C:\Program Files\Java\jdk1.8.0_202\jre"/>
    <property name="basedir" value="C:\DCOM_20220127\04_SPRING\workspace\S_SH12_02"/>
    <property name="style.color" value="always"/>
    <property name="file.separator" value="\"/>
    <property name="line.separator" value="&#10;"/>
    <property name="java.vm.specification.vendor" value="Oracle Corporation"/>
    <property name="java.specification.name" value="Java Platform API Specification"/>
    <property name="java.awt.graphicsenv" value="sun.awt.Win32GraphicsEnvironment"/>
    <property name="surefire.real.class.path" value="C:\Users\joohe\AppData\Local\Temp\surefire1660833826139503891\surefirebooter1839633217161773213.jar"/>
    <property name="sun.boot.class.path" value="C:\Program Files\Java\jdk1.8.0_202\jre\lib\resources.jar;C:\Program Files\Java\jdk1.8.0_202\jre\lib\rt.jar;C:\Program Files\Java\jdk1.8.0_202\jre\lib\sunrsasign.jar;C:\Program Files\Java\jdk1.8.0_202\jre\lib\jsse.jar;C:\Program Files\Java\jdk1.8.0_202\jre\lib\jce.jar;C:\Program Files\Java\jdk1.8.0_202\jre\lib\charsets.jar;C:\Program Files\Java\jdk1.8.0_202\jre\lib\jfr.jar;C:\Program Files\Java\jdk1.8.0_202\jre\classes"/>
    <property name="user.script" value=""/>
    <property name="sun.management.compiler" value="HotSpot 64-Bit Tiered Compilers"/>
    <property name="java.runtime.version" value="1.8.0_202-b08"/>
    <property name="user.name" value="joohe"/>
    <property name="path.separator" value=";"/>
    <property name="os.version" value="10.0"/>
    <property name="java.endorsed.dirs" value="C:\Program Files\Java\jdk1.8.0_202\jre\lib\endorsed"/>
    <property name="java.runtime.name" value="Java(TM) SE Runtime Environment"/>
    <property name="file.encoding" value="MS949"/>
    <property name="java.vm.name" value="Java HotSpot(TM) 64-Bit Server VM"/>
    <property name="localRepository" value="C:\DCOM_20220127\04_SPRING\repository"/>
    <property name="java.vendor.url.bug" value="http://bugreport.sun.com/bugreport/"/>
    <property name="java.io.tmpdir" value="C:\Users\joohe\AppData\Local\Temp\"/>
    <property name="java.version" value="1.8.0_202"/>
    <property name="user.dir" value="C:\DCOM_20220127\04_SPRING\workspace\S_SH12_02"/>
    <property name="os.arch" value="amd64"/>
    <property name="java.vm.specification.name" value="Java Virtual Machine Specification"/>
    <property name="java.awt.printerjob" value="sun.awt.windows.WPrinterJob"/>
    <property name="sun.os.patch.level" value=""/>
    <property name="java.library.path" value="C:\Program Files\Java\jdk1.8.0_202\jre\bin;C:\Windows\Sun\Java\bin;C:\Windows\system32;C:\Windows;C:/Program Files/Java/jre1.8.0_202/bin/server;C:/Program Files/Java/jre1.8.0_202/bin;C:/Program Files/Java/jre1.8.0_202/lib/amd64;C:\app\joohe\product\18.0.0\dbhomeXE\bin;C:\Program Files (x86)\Common Files\Oracle\Java\javapath;C:\Windows\system32;C:\Windows;C:\Windows\System32\Wbem;C:\Windows\System32\WindowsPowerShell\v1.0\;C:\Windows\System32\OpenSSH\;C:\Program Files\nodejs\;C:\Program Files\Git\cmd;C:\apache-maven-3.8.5\bin;C:\Program Files\Java\jdk1.8.0_202\bin;C:\Users\joohe\AppData\Roaming\npm;;C:\DCOM_20220127\04_SPRING\app\spring-tool-suite-3.9.12\sts-bundle\sts-3.9.12.RELEASE;;."/>
    <property name="java.vm.info" value="mixed mode"/>
    <property name="java.vendor" value="Oracle Corporation"/>
    <property name="java.vm.version" value="25.202-b08"/>
    <property name="java.ext.dirs" value="C:\Program Files\Java\jdk1.8.0_202\jre\lib\ext;C:\Windows\Sun\Java\lib\ext"/>
    <property name="sun.io.unicode.encoding" value="UnicodeLittle"/>
    <property name="java.class.version" value="52.0"/>
  </properties>
  <testcase name="getAll" classname="com.pcwk.ehr.JunitUserDaoTest" time="10.105">
    <failure message="expected:&lt;0&gt; but was:&lt;2&gt;" type="java.lang.AssertionError"><![CDATA[java.lang.AssertionError: expected:<0> but was:<2>
	at com.pcwk.ehr.JunitUserDaoTest.getAll(JunitUserDaoTest.java:112)
]]></failure>
    <system-out><![CDATA[[2022-06-10 14:03:07.763] DEBUG SpringJUnit4ClassRunner.<init>(SpringJUnit4ClassRunner.java:139) - SpringJUnit4ClassRunner constructor called with [class com.pcwk.ehr.JunitUserDaoTest]
[2022-06-10 14:03:07.768] DEBUG BootstrapUtils.createCacheAwareContextLoaderDelegate(BootstrapUtils.java:108) - Instantiating CacheAwareContextLoaderDelegate from class [org.springframework.test.context.cache.DefaultCacheAwareContextLoaderDelegate]
[2022-06-10 14:03:07.773] DEBUG BootstrapUtils.createBootstrapContext(BootstrapUtils.java:88) - Instantiating BootstrapContext using constructor [public org.springframework.test.context.support.DefaultBootstrapContext(java.lang.Class,org.springframework.test.context.CacheAwareContextLoaderDelegate)]
[2022-06-10 14:03:07.788] DEBUG BootstrapUtils.resolveTestContextBootstrapper(BootstrapUtils.java:143) - Instantiating TestContextBootstrapper for test class [com.pcwk.ehr.JunitUserDaoTest] from class [org.springframework.test.context.support.DefaultTestContextBootstrapper]
[2022-06-10 14:03:07.801] DEBUG AbstractDelegatingSmartContextLoader.delegateProcessing(AbstractDelegatingSmartContextLoader.java:263) - Delegating to GenericXmlContextLoader to process context configuration [ContextConfigurationAttributes@3d34d211 declaringClass = 'com.pcwk.ehr.JunitUserDaoTest', classes = '{}', locations = '{/applicationContext.xml}', inheritLocations = true, initializers = '{}', inheritInitializers = true, name = [null], contextLoaderClass = 'org.springframework.test.context.ContextLoader'].
[2022-06-10 14:03:07.825] DEBUG ActiveProfilesUtils.resolveActiveProfiles(ActiveProfilesUtils.java:79) - Could not find an 'annotation declaring class' for annotation type [org.springframework.test.context.ActiveProfiles] and class [com.pcwk.ehr.JunitUserDaoTest]
[2022-06-10 14:03:07.825] DEBUG AbstractTestContextBootstrapper.getTestExecutionListeners(AbstractTestContextBootstrapper.java:124) - @TestExecutionListeners is not present for class [com.pcwk.ehr.JunitUserDaoTest]: using defaults.
[2022-06-10 14:03:07.826] INFO  AbstractTestContextBootstrapper.getDefaultTestExecutionListenerClassNames(AbstractTestContextBootstrapper.java:245) - Loaded default TestExecutionListener class names from location [META-INF/spring.factories]: [org.springframework.test.context.web.ServletTestExecutionListener, org.springframework.test.context.support.DirtiesContextBeforeModesTestExecutionListener, org.springframework.test.context.event.ApplicationEventsTestExecutionListener, org.springframework.test.context.support.DependencyInjectionTestExecutionListener, org.springframework.test.context.support.DirtiesContextTestExecutionListener, org.springframework.test.context.transaction.TransactionalTestExecutionListener, org.springframework.test.context.jdbc.SqlScriptsTestExecutionListener, org.springframework.test.context.event.EventPublishingTestExecutionListener]
[2022-06-10 14:03:07.829] DEBUG AbstractTestContextBootstrapper.instantiateListeners(AbstractTestContextBootstrapper.java:189) - Skipping candidate TestExecutionListener [org.springframework.test.context.web.ServletTestExecutionListener] due to a missing dependency. Specify custom listener classes or make the default listener classes and their required dependencies available. Offending class: [javax/servlet/ServletContext]
[2022-06-10 14:03:07.834] INFO  AbstractTestContextBootstrapper.getTestExecutionListeners(AbstractTestContextBootstrapper.java:174) - Using TestExecutionListeners: [org.springframework.test.context.support.DirtiesContextBeforeModesTestExecutionListener@865dd6, org.springframework.test.context.event.ApplicationEventsTestExecutionListener@4da4253, org.springframework.test.context.support.DependencyInjectionTestExecutionListener@3972a855, org.springframework.test.context.support.DirtiesContextTestExecutionListener@62e7f11d, org.springframework.test.context.transaction.TransactionalTestExecutionListener@503d687a, org.springframework.test.context.jdbc.SqlScriptsTestExecutionListener@6a370f4, org.springframework.test.context.event.EventPublishingTestExecutionListener@2abf4075]
[2022-06-10 14:03:07.835] DEBUG ProfileValueUtils.retrieveProfileValueSource(ProfileValueUtils.java:70) - Retrieved @ProfileValueSourceConfiguration [null] for test class [com.pcwk.ehr.JunitUserDaoTest]
[2022-06-10 14:03:07.836] DEBUG ProfileValueUtils.retrieveProfileValueSource(ProfileValueUtils.java:83) - Retrieved ProfileValueSource type [class org.springframework.test.annotation.SystemProfileValueSource] for class [com.pcwk.ehr.JunitUserDaoTest]
[2022-06-10 14:03:07.837] DEBUG ProfileValueUtils.retrieveProfileValueSource(ProfileValueUtils.java:70) - Retrieved @ProfileValueSourceConfiguration [null] for test class [com.pcwk.ehr.JunitUserDaoTest]
[2022-06-10 14:03:07.837] DEBUG ProfileValueUtils.retrieveProfileValueSource(ProfileValueUtils.java:83) - Retrieved ProfileValueSource type [class org.springframework.test.annotation.SystemProfileValueSource] for class [com.pcwk.ehr.JunitUserDaoTest]
[2022-06-10 14:03:07.837] DEBUG ProfileValueUtils.retrieveProfileValueSource(ProfileValueUtils.java:70) - Retrieved @ProfileValueSourceConfiguration [null] for test class [com.pcwk.ehr.JunitUserDaoTest]
[2022-06-10 14:03:07.837] DEBUG ProfileValueUtils.retrieveProfileValueSource(ProfileValueUtils.java:83) - Retrieved ProfileValueSource type [class org.springframework.test.annotation.SystemProfileValueSource] for class [com.pcwk.ehr.JunitUserDaoTest]
[2022-06-10 14:03:07.838] DEBUG ProfileValueUtils.retrieveProfileValueSource(ProfileValueUtils.java:70) - Retrieved @ProfileValueSourceConfiguration [null] for test class [com.pcwk.ehr.JunitUserDaoTest]
[2022-06-10 14:03:07.838] DEBUG ProfileValueUtils.retrieveProfileValueSource(ProfileValueUtils.java:83) - Retrieved ProfileValueSource type [class org.springframework.test.annotation.SystemProfileValueSource] for class [com.pcwk.ehr.JunitUserDaoTest]
[2022-06-10 14:03:07.838] DEBUG ProfileValueUtils.retrieveProfileValueSource(ProfileValueUtils.java:70) - Retrieved @ProfileValueSourceConfiguration [null] for test class [com.pcwk.ehr.JunitUserDaoTest]
[2022-06-10 14:03:07.838] DEBUG ProfileValueUtils.retrieveProfileValueSource(ProfileValueUtils.java:83) - Retrieved ProfileValueSource type [class org.springframework.test.annotation.SystemProfileValueSource] for class [com.pcwk.ehr.JunitUserDaoTest]
[2022-06-10 14:03:07.840] DEBUG AbstractDirtiesContextTestExecutionListener.beforeOrAfterTestClass(AbstractDirtiesContextTestExecutionListener.java:143) - Before test class: context [DefaultTestContext@69e1dd28 testClass = JunitUserDaoTest, testInstance = [null], testMethod = [null], testException = [null], mergedContextConfiguration = [MergedContextConfiguration@11bd0f3b testClass = JunitUserDaoTest, locations = '{classpath:/applicationContext.xml}', classes = '{}', contextInitializerClasses = '[]', activeProfiles = '{}', propertySourceLocations = '{}', propertySourceProperties = '{}', contextCustomizers = set[[empty]], contextLoader = 'org.springframework.test.context.support.DelegatingSmartContextLoader', parent = [null]], attributes = map[[empty]]], class annotated with @DirtiesContext [false] with mode [null].
[2022-06-10 14:03:07.841] DEBUG ProfileValueUtils.retrieveProfileValueSource(ProfileValueUtils.java:70) - Retrieved @ProfileValueSourceConfiguration [null] for test class [com.pcwk.ehr.JunitUserDaoTest]
[2022-06-10 14:03:07.842] DEBUG ProfileValueUtils.retrieveProfileValueSource(ProfileValueUtils.java:83) - Retrieved ProfileValueSource type [class org.springframework.test.annotation.SystemProfileValueSource] for class [com.pcwk.ehr.JunitUserDaoTest]
[2022-06-10 14:03:07.843] DEBUG DependencyInjectionTestExecutionListener.prepareTestInstance(DependencyInjectionTestExecutionListener.java:81) - Performing dependency injection for test context [[DefaultTestContext@69e1dd28 testClass = JunitUserDaoTest, testInstance = com.pcwk.ehr.JunitUserDaoTest@120f102b, testMethod = [null], testException = [null], mergedContextConfiguration = [MergedContextConfiguration@11bd0f3b testClass = JunitUserDaoTest, locations = '{classpath:/applicationContext.xml}', classes = '{}', contextInitializerClasses = '[]', activeProfiles = '{}', propertySourceLocations = '{}', propertySourceProperties = '{}', contextCustomizers = set[[empty]], contextLoader = 'org.springframework.test.context.support.DelegatingSmartContextLoader', parent = [null]], attributes = map['org.springframework.test.context.event.ApplicationEventsTestExecutionListener.recordApplicationEvents' -> false]]].
[2022-06-10 14:03:07.844] DEBUG AbstractDelegatingSmartContextLoader.delegateLoading(AbstractDelegatingSmartContextLoader.java:273) - Delegating to GenericXmlContextLoader to load context from [MergedContextConfiguration@11bd0f3b testClass = JunitUserDaoTest, locations = '{classpath:/applicationContext.xml}', classes = '{}', contextInitializerClasses = '[]', activeProfiles = '{}', propertySourceLocations = '{}', propertySourceProperties = '{}', contextCustomizers = set[[empty]], contextLoader = 'org.springframework.test.context.support.DelegatingSmartContextLoader', parent = [null]].
[2022-06-10 14:03:07.844] DEBUG AbstractGenericContextLoader.loadContext(AbstractGenericContextLoader.java:107) - Loading ApplicationContext for merged context configuration [[MergedContextConfiguration@11bd0f3b testClass = JunitUserDaoTest, locations = '{classpath:/applicationContext.xml}', classes = '{}', contextInitializerClasses = '[]', activeProfiles = '{}', propertySourceLocations = '{}', propertySourceProperties = '{}', contextCustomizers = set[[empty]], contextLoader = 'org.springframework.test.context.support.DelegatingSmartContextLoader', parent = [null]]].
[2022-06-10 14:03:07.871] DEBUG AbstractEnvironment.setActiveProfiles(AbstractEnvironment.java:302) - Activating profiles []
[2022-06-10 14:03:07.942] DEBUG XmlBeanDefinitionReader.doLoadBeanDefinitions(XmlBeanDefinitionReader.java:393) - Loaded 6 bean definitions from class path resource [applicationContext.xml]
[2022-06-10 14:03:07.951] DEBUG AbstractApplicationContext.prepareRefresh(AbstractApplicationContext.java:629) - Refreshing org.springframework.context.support.GenericApplicationContext@10feca44
[2022-06-10 14:03:07.970] DEBUG DefaultSingletonBeanRegistry.getSingleton(DefaultSingletonBeanRegistry.java:225) - Creating shared instance of singleton bean 'org.springframework.context.annotation.internalConfigurationAnnotationProcessor'
[2022-06-10 14:03:07.992] DEBUG DefaultSingletonBeanRegistry.getSingleton(DefaultSingletonBeanRegistry.java:225) - Creating shared instance of singleton bean 'org.springframework.context.event.internalEventListenerProcessor'
[2022-06-10 14:03:07.994] DEBUG DefaultSingletonBeanRegistry.getSingleton(DefaultSingletonBeanRegistry.java:225) - Creating shared instance of singleton bean 'org.springframework.context.event.internalEventListenerFactory'
[2022-06-10 14:03:07.995] DEBUG DefaultSingletonBeanRegistry.getSingleton(DefaultSingletonBeanRegistry.java:225) - Creating shared instance of singleton bean 'org.springframework.context.annotation.internalAutowiredAnnotationProcessor'
[2022-06-10 14:03:07.996] DEBUG DefaultSingletonBeanRegistry.getSingleton(DefaultSingletonBeanRegistry.java:225) - Creating shared instance of singleton bean 'org.springframework.context.annotation.internalCommonAnnotationProcessor'
[2022-06-10 14:03:08.002] DEBUG DefaultSingletonBeanRegistry.getSingleton(DefaultSingletonBeanRegistry.java:225) - Creating shared instance of singleton bean 'dummyMailSender'
[2022-06-10 14:03:08.005] DEBUG DefaultSingletonBeanRegistry.getSingleton(DefaultSingletonBeanRegistry.java:225) - Creating shared instance of singleton bean 'mailSenderImpl'
[2022-06-10 14:03:08.034] DEBUG DefaultSingletonBeanRegistry.getSingleton(DefaultSingletonBeanRegistry.java:225) - Creating shared instance of singleton bean 'transactionManager'
[2022-06-10 14:03:08.039] DEBUG DefaultSingletonBeanRegistry.getSingleton(DefaultSingletonBeanRegistry.java:225) - Creating shared instance of singleton bean 'dataSource'
[2022-06-10 14:03:08.109] DEBUG DefaultSingletonBeanRegistry.getSingleton(DefaultSingletonBeanRegistry.java:225) - Creating shared instance of singleton bean 'userService'
[2022-06-10 14:03:08.110] DEBUG DefaultSingletonBeanRegistry.getSingleton(DefaultSingletonBeanRegistry.java:225) - Creating shared instance of singleton bean 'userDao'
[2022-06-10 14:03:08.124] DEBUG DefaultCacheAwareContextLoaderDelegate.loadContext(DefaultCacheAwareContextLoaderDelegate.java:126) - Storing ApplicationContext [285133380] in cache under key [[MergedContextConfiguration@11bd0f3b testClass = JunitUserDaoTest, locations = '{classpath:/applicationContext.xml}', classes = '{}', contextInitializerClasses = '[]', activeProfiles = '{}', propertySourceLocations = '{}', propertySourceProperties = '{}', contextCustomizers = set[[empty]], contextLoader = 'org.springframework.test.context.support.DelegatingSmartContextLoader', parent = [null]]]
[2022-06-10 14:03:08.125] DEBUG DefaultContextCache.logStatistics(DefaultContextCache.java:290) - Spring test ApplicationContext cache statistics: [DefaultContextCache@436c81a3 size = 1, maxSize = 32, parentContextCount = 0, hitCount = 0, missCount = 1]
[2022-06-10 14:03:08.133] DEBUG DefaultCacheAwareContextLoaderDelegate.loadContext(DefaultCacheAwareContextLoaderDelegate.java:137) - Retrieved ApplicationContext [285133380] from cache with key [[MergedContextConfiguration@11bd0f3b testClass = JunitUserDaoTest, locations = '{classpath:/applicationContext.xml}', classes = '{}', contextInitializerClasses = '[]', activeProfiles = '{}', propertySourceLocations = '{}', propertySourceProperties = '{}', contextCustomizers = set[[empty]], contextLoader = 'org.springframework.test.context.support.DelegatingSmartContextLoader', parent = [null]]]
[2022-06-10 14:03:08.133] DEBUG DefaultContextCache.logStatistics(DefaultContextCache.java:290) - Spring test ApplicationContext cache statistics: [DefaultContextCache@436c81a3 size = 1, maxSize = 32, parentContextCount = 0, hitCount = 1, missCount = 1]
[2022-06-10 14:03:08.136] DEBUG AbstractDirtiesContextTestExecutionListener.beforeOrAfterTestMethod(AbstractDirtiesContextTestExecutionListener.java:108) - Before test method: context [DefaultTestContext@69e1dd28 testClass = JunitUserDaoTest, testInstance = com.pcwk.ehr.JunitUserDaoTest@120f102b, testMethod = getAll@JunitUserDaoTest, testException = [null], mergedContextConfiguration = [MergedContextConfiguration@11bd0f3b testClass = JunitUserDaoTest, locations = '{classpath:/applicationContext.xml}', classes = '{}', contextInitializerClasses = '[]', activeProfiles = '{}', propertySourceLocations = '{}', propertySourceProperties = '{}', contextCustomizers = set[[empty]], contextLoader = 'org.springframework.test.context.support.DelegatingSmartContextLoader', parent = [null]], attributes = map['org.springframework.test.context.event.ApplicationEventsTestExecutionListener.recordApplicationEvents' -> false]], class annotated with @DirtiesContext [false] with mode [null], method annotated with @DirtiesContext [false] with mode [null].
[2022-06-10 14:03:08.140] DEBUG DefaultCacheAwareContextLoaderDelegate.loadContext(DefaultCacheAwareContextLoaderDelegate.java:137) - Retrieved ApplicationContext [285133380] from cache with key [[MergedContextConfiguration@11bd0f3b testClass = JunitUserDaoTest, locations = '{classpath:/applicationContext.xml}', classes = '{}', contextInitializerClasses = '[]', activeProfiles = '{}', propertySourceLocations = '{}', propertySourceProperties = '{}', contextCustomizers = set[[empty]], contextLoader = 'org.springframework.test.context.support.DelegatingSmartContextLoader', parent = [null]]]
[2022-06-10 14:03:08.140] DEBUG DefaultContextCache.logStatistics(DefaultContextCache.java:290) - Spring test ApplicationContext cache statistics: [DefaultContextCache@436c81a3 size = 1, maxSize = 32, parentContextCount = 0, hitCount = 2, missCount = 1]
[2022-06-10 14:03:08.141] DEBUG JunitUserDaoTest.setUp(JunitUserDaoTest.java:39) - =======================
[2022-06-10 14:03:08.141] DEBUG JunitUserDaoTest.setUp(JunitUserDaoTest.java:40) - =0. setUp()=
[2022-06-10 14:03:08.141] DEBUG JunitUserDaoTest.setUp(JunitUserDaoTest.java:41) - =======================
[2022-06-10 14:03:08.145] DEBUG JunitUserDaoTest.setUp(JunitUserDaoTest.java:47) - context:org.springframework.context.support.GenericApplicationContext@10feca44, started on Fri Jun 10 14:03:07 KST 2022
[2022-06-10 14:03:08.145] DEBUG JunitUserDaoTest.setUp(JunitUserDaoTest.java:48) - dao:com.pcwk.ehr.UserDaoImpl@4ff8d125
[2022-06-10 14:03:08.146] DEBUG DefaultCacheAwareContextLoaderDelegate.loadContext(DefaultCacheAwareContextLoaderDelegate.java:137) - Retrieved ApplicationContext [285133380] from cache with key [[MergedContextConfiguration@11bd0f3b testClass = JunitUserDaoTest, locations = '{classpath:/applicationContext.xml}', classes = '{}', contextInitializerClasses = '[]', activeProfiles = '{}', propertySourceLocations = '{}', propertySourceProperties = '{}', contextCustomizers = set[[empty]], contextLoader = 'org.springframework.test.context.support.DelegatingSmartContextLoader', parent = [null]]]
[2022-06-10 14:03:08.146] DEBUG DefaultContextCache.logStatistics(DefaultContextCache.java:290) - Spring test ApplicationContext cache statistics: [DefaultContextCache@436c81a3 size = 1, maxSize = 32, parentContextCount = 0, hitCount = 3, missCount = 1]
[2022-06-10 14:03:08.147] DEBUG UserDaoImpl.doDelete(UserDaoImpl.java:266) - =============================
[2022-06-10 14:03:08.147] DEBUG UserDaoImpl.doDelete(UserDaoImpl.java:267) - param :UserVO [uId=p07, name=김주혜07, passwd=4321, level=BASIC, login=1, recommend=0, email=joohea5943@naver.com, regDt=날짜_사용안함, toString()=com.pcwk.ehr.UserVO@327bcebd]
[2022-06-10 14:03:08.147] DEBUG UserDaoImpl.doDelete(UserDaoImpl.java:268) - sql : 
 DELETE FROM hr_member 
 WHERE u_id = ?        

[2022-06-10 14:03:08.147] DEBUG UserDaoImpl.doDelete(UserDaoImpl.java:269) - =============================
[2022-06-10 14:03:08.147] DEBUG UserDaoImpl.doDelete(UserDaoImpl.java:274) - Object param : p07
[2022-06-10 14:03:08.149] DEBUG JdbcTemplate.update(JdbcTemplate.java:958) - Executing prepared SQL update
[2022-06-10 14:03:08.150] DEBUG JdbcTemplate.execute(JdbcTemplate.java:643) - Executing prepared SQL statement [ DELETE FROM hr_member 
 WHERE u_id = ?        
]
[2022-06-10 14:03:08.151] DEBUG DataSourceUtils.doGetConnection(DataSourceUtils.java:116) - Fetching JDBC Connection from DataSource
[2022-06-10 14:03:08.151] DEBUG SimpleDriverDataSource.getConnectionFromDriver(SimpleDriverDataSource.java:142) - Creating new JDBC Driver Connection to [jdbc:oracle:thin:@192.168.3.101:1521:xe]
[2022-06-10 14:03:12.713] DEBUG UserDaoImpl.doDelete(UserDaoImpl.java:278) - flag: 1
[2022-06-10 14:03:12.714] DEBUG UserDaoImpl.doDelete(UserDaoImpl.java:266) - =============================
[2022-06-10 14:03:12.714] DEBUG UserDaoImpl.doDelete(UserDaoImpl.java:267) - param :UserVO [uId=p070, name=김주혜070, passwd=4321, level=SILVER, login=50, recommend=2, email=joohea5943@naver.com, regDt=날짜_사용안함, toString()=com.pcwk.ehr.UserVO@2ed3b1f5]
[2022-06-10 14:03:12.715] DEBUG UserDaoImpl.doDelete(UserDaoImpl.java:268) - sql : 
 DELETE FROM hr_member 
 WHERE u_id = ?        

[2022-06-10 14:03:12.715] DEBUG UserDaoImpl.doDelete(UserDaoImpl.java:269) - =============================
[2022-06-10 14:03:12.716] DEBUG UserDaoImpl.doDelete(UserDaoImpl.java:274) - Object param : p070
[2022-06-10 14:03:12.716] DEBUG JdbcTemplate.update(JdbcTemplate.java:958) - Executing prepared SQL update
[2022-06-10 14:03:12.716] DEBUG JdbcTemplate.execute(JdbcTemplate.java:643) - Executing prepared SQL statement [ DELETE FROM hr_member 
 WHERE u_id = ?        
]
[2022-06-10 14:03:12.716] DEBUG DataSourceUtils.doGetConnection(DataSourceUtils.java:116) - Fetching JDBC Connection from DataSource
[2022-06-10 14:03:12.717] DEBUG SimpleDriverDataSource.getConnectionFromDriver(SimpleDriverDataSource.java:142) - Creating new JDBC Driver Connection to [jdbc:oracle:thin:@192.168.3.101:1521:xe]
[2022-06-10 14:03:14.076] DEBUG UserDaoImpl.doDelete(UserDaoImpl.java:278) - flag: 1
[2022-06-10 14:03:14.076] DEBUG UserDaoImpl.doDelete(UserDaoImpl.java:266) - =============================
[2022-06-10 14:03:14.076] DEBUG UserDaoImpl.doDelete(UserDaoImpl.java:267) - param :UserVO [uId=p0700, name=김주혜0700, passwd=4321, level=GOLD, login=100, recommend=31, email=joohea5943@naver.com, regDt=날짜_사용안함, toString()=com.pcwk.ehr.UserVO@45be7cd5]
[2022-06-10 14:03:14.077] DEBUG UserDaoImpl.doDelete(UserDaoImpl.java:268) - sql : 
 DELETE FROM hr_member 
 WHERE u_id = ?        

[2022-06-10 14:03:14.077] DEBUG UserDaoImpl.doDelete(UserDaoImpl.java:269) - =============================
[2022-06-10 14:03:14.077] DEBUG UserDaoImpl.doDelete(UserDaoImpl.java:274) - Object param : p0700
[2022-06-10 14:03:14.077] DEBUG JdbcTemplate.update(JdbcTemplate.java:958) - Executing prepared SQL update
[2022-06-10 14:03:14.077] DEBUG JdbcTemplate.execute(JdbcTemplate.java:643) - Executing prepared SQL statement [ DELETE FROM hr_member 
 WHERE u_id = ?        
]
[2022-06-10 14:03:14.078] DEBUG DataSourceUtils.doGetConnection(DataSourceUtils.java:116) - Fetching JDBC Connection from DataSource
[2022-06-10 14:03:14.078] DEBUG SimpleDriverDataSource.getConnectionFromDriver(SimpleDriverDataSource.java:142) - Creating new JDBC Driver Connection to [jdbc:oracle:thin:@192.168.3.101:1521:xe]
[2022-06-10 14:03:15.439] DEBUG UserDaoImpl.doDelete(UserDaoImpl.java:278) - flag: 1
[2022-06-10 14:03:15.440] DEBUG UserDaoImpl.getCount(UserDaoImpl.java:133) - =============================
[2022-06-10 14:03:15.440] DEBUG UserDaoImpl.getCount(UserDaoImpl.java:134) - param : UserVO [uId=p07, name=김주혜07, passwd=4321, level=BASIC, login=1, recommend=0, email=joohea5943@naver.com, regDt=날짜_사용안함, toString()=com.pcwk.ehr.UserVO@327bcebd]
[2022-06-10 14:03:15.441] DEBUG UserDaoImpl.getCount(UserDaoImpl.java:135) - sql: 
  SELECT COUNT(*) AS cnt    
 FROM hr_member            
 WHERE u_id LIKE ?  || '%' 

[2022-06-10 14:03:15.441] DEBUG UserDaoImpl.getCount(UserDaoImpl.java:136) - =============================
[2022-06-10 14:03:15.441] DEBUG UserDaoImpl.getCount(UserDaoImpl.java:138) - Object param: p07
[2022-06-10 14:03:15.463] DEBUG JdbcTemplate.query(JdbcTemplate.java:711) - Executing prepared SQL query
[2022-06-10 14:03:15.463] DEBUG JdbcTemplate.execute(JdbcTemplate.java:643) - Executing prepared SQL statement [ SELECT COUNT(*) AS cnt    
 FROM hr_member            
 WHERE u_id LIKE ?  || '%' 
]
[2022-06-10 14:03:15.463] DEBUG DataSourceUtils.doGetConnection(DataSourceUtils.java:116) - Fetching JDBC Connection from DataSource
[2022-06-10 14:03:15.464] DEBUG SimpleDriverDataSource.getConnectionFromDriver(SimpleDriverDataSource.java:142) - Creating new JDBC Driver Connection to [jdbc:oracle:thin:@192.168.3.101:1521:xe]
[2022-06-10 14:03:18.230] DEBUG UserDaoImpl.getCount(UserDaoImpl.java:141) - ====================
[2022-06-10 14:03:18.230] DEBUG UserDaoImpl.getCount(UserDaoImpl.java:142) - =count=2
[2022-06-10 14:03:18.231] DEBUG UserDaoImpl.getCount(UserDaoImpl.java:143) - ====================
[2022-06-10 14:03:18.232] DEBUG DefaultCacheAwareContextLoaderDelegate.loadContext(DefaultCacheAwareContextLoaderDelegate.java:137) - Retrieved ApplicationContext [285133380] from cache with key [[MergedContextConfiguration@11bd0f3b testClass = JunitUserDaoTest, locations = '{classpath:/applicationContext.xml}', classes = '{}', contextInitializerClasses = '[]', activeProfiles = '{}', propertySourceLocations = '{}', propertySourceProperties = '{}', contextCustomizers = set[[empty]], contextLoader = 'org.springframework.test.context.support.DelegatingSmartContextLoader', parent = [null]]]
[2022-06-10 14:03:18.233] DEBUG DefaultContextCache.logStatistics(DefaultContextCache.java:290) - Spring test ApplicationContext cache statistics: [DefaultContextCache@436c81a3 size = 1, maxSize = 32, parentContextCount = 0, hitCount = 4, missCount = 1]
[2022-06-10 14:03:18.234] DEBUG JunitUserDaoTest.tearDown(JunitUserDaoTest.java:195) - =======================
[2022-06-10 14:03:18.234] DEBUG JunitUserDaoTest.tearDown(JunitUserDaoTest.java:196) - =9. tearDown()=
[2022-06-10 14:03:18.234] DEBUG JunitUserDaoTest.tearDown(JunitUserDaoTest.java:197) - =======================
[2022-06-10 14:03:18.235] DEBUG DefaultCacheAwareContextLoaderDelegate.loadContext(DefaultCacheAwareContextLoaderDelegate.java:137) - Retrieved ApplicationContext [285133380] from cache with key [[MergedContextConfiguration@11bd0f3b testClass = JunitUserDaoTest, locations = '{classpath:/applicationContext.xml}', classes = '{}', contextInitializerClasses = '[]', activeProfiles = '{}', propertySourceLocations = '{}', propertySourceProperties = '{}', contextCustomizers = set[[empty]], contextLoader = 'org.springframework.test.context.support.DelegatingSmartContextLoader', parent = [null]]]
[2022-06-10 14:03:18.236] DEBUG DefaultContextCache.logStatistics(DefaultContextCache.java:290) - Spring test ApplicationContext cache statistics: [DefaultContextCache@436c81a3 size = 1, maxSize = 32, parentContextCount = 0, hitCount = 5, missCount = 1]
[2022-06-10 14:03:18.236] DEBUG AbstractDirtiesContextTestExecutionListener.beforeOrAfterTestMethod(AbstractDirtiesContextTestExecutionListener.java:108) - After test method: context [DefaultTestContext@69e1dd28 testClass = JunitUserDaoTest, testInstance = com.pcwk.ehr.JunitUserDaoTest@120f102b, testMethod = getAll@JunitUserDaoTest, testException = java.lang.AssertionError: expected:<0> but was:<2>, mergedContextConfiguration = [MergedContextConfiguration@11bd0f3b testClass = JunitUserDaoTest, locations = '{classpath:/applicationContext.xml}', classes = '{}', contextInitializerClasses = '[]', activeProfiles = '{}', propertySourceLocations = '{}', propertySourceProperties = '{}', contextCustomizers = set[[empty]], contextLoader = 'org.springframework.test.context.support.DelegatingSmartContextLoader', parent = [null]], attributes = map['org.springframework.test.context.event.ApplicationEventsTestExecutionListener.recordApplicationEvents' -> false]], class annotated with @DirtiesContext [false] with mode [null], method annotated with @DirtiesContext [false] with mode [null].
]]></system-out>
  </testcase>
  <testcase name="addAndGet" classname="com.pcwk.ehr.JunitUserDaoTest" time="1.717">
    <failure message="expected:&lt;0&gt; but was:&lt;2&gt;" type="java.lang.AssertionError"><![CDATA[java.lang.AssertionError: expected:<0> but was:<2>
	at com.pcwk.ehr.JunitUserDaoTest.addAndGet(JunitUserDaoTest.java:143)
]]></failure>
    <system-out><![CDATA[[2022-06-10 14:03:18.239] DEBUG ProfileValueUtils.retrieveProfileValueSource(ProfileValueUtils.java:70) - Retrieved @ProfileValueSourceConfiguration [null] for test class [com.pcwk.ehr.JunitUserDaoTest]
[2022-06-10 14:03:18.239] DEBUG ProfileValueUtils.retrieveProfileValueSource(ProfileValueUtils.java:83) - Retrieved ProfileValueSource type [class org.springframework.test.annotation.SystemProfileValueSource] for class [com.pcwk.ehr.JunitUserDaoTest]
[2022-06-10 14:03:18.239] DEBUG DependencyInjectionTestExecutionListener.prepareTestInstance(DependencyInjectionTestExecutionListener.java:81) - Performing dependency injection for test context [[DefaultTestContext@69e1dd28 testClass = JunitUserDaoTest, testInstance = com.pcwk.ehr.JunitUserDaoTest@200a26bc, testMethod = [null], testException = [null], mergedContextConfiguration = [MergedContextConfiguration@11bd0f3b testClass = JunitUserDaoTest, locations = '{classpath:/applicationContext.xml}', classes = '{}', contextInitializerClasses = '[]', activeProfiles = '{}', propertySourceLocations = '{}', propertySourceProperties = '{}', contextCustomizers = set[[empty]], contextLoader = 'org.springframework.test.context.support.DelegatingSmartContextLoader', parent = [null]], attributes = map['org.springframework.test.context.event.ApplicationEventsTestExecutionListener.recordApplicationEvents' -> false]]].
[2022-06-10 14:03:18.239] DEBUG DefaultCacheAwareContextLoaderDelegate.loadContext(DefaultCacheAwareContextLoaderDelegate.java:137) - Retrieved ApplicationContext [285133380] from cache with key [[MergedContextConfiguration@11bd0f3b testClass = JunitUserDaoTest, locations = '{classpath:/applicationContext.xml}', classes = '{}', contextInitializerClasses = '[]', activeProfiles = '{}', propertySourceLocations = '{}', propertySourceProperties = '{}', contextCustomizers = set[[empty]], contextLoader = 'org.springframework.test.context.support.DelegatingSmartContextLoader', parent = [null]]]
[2022-06-10 14:03:18.240] DEBUG DefaultContextCache.logStatistics(DefaultContextCache.java:290) - Spring test ApplicationContext cache statistics: [DefaultContextCache@436c81a3 size = 1, maxSize = 32, parentContextCount = 0, hitCount = 6, missCount = 1]
[2022-06-10 14:03:18.240] DEBUG DefaultCacheAwareContextLoaderDelegate.loadContext(DefaultCacheAwareContextLoaderDelegate.java:137) - Retrieved ApplicationContext [285133380] from cache with key [[MergedContextConfiguration@11bd0f3b testClass = JunitUserDaoTest, locations = '{classpath:/applicationContext.xml}', classes = '{}', contextInitializerClasses = '[]', activeProfiles = '{}', propertySourceLocations = '{}', propertySourceProperties = '{}', contextCustomizers = set[[empty]], contextLoader = 'org.springframework.test.context.support.DelegatingSmartContextLoader', parent = [null]]]
[2022-06-10 14:03:18.240] DEBUG DefaultContextCache.logStatistics(DefaultContextCache.java:290) - Spring test ApplicationContext cache statistics: [DefaultContextCache@436c81a3 size = 1, maxSize = 32, parentContextCount = 0, hitCount = 7, missCount = 1]
[2022-06-10 14:03:18.240] DEBUG AbstractDirtiesContextTestExecutionListener.beforeOrAfterTestMethod(AbstractDirtiesContextTestExecutionListener.java:108) - Before test method: context [DefaultTestContext@69e1dd28 testClass = JunitUserDaoTest, testInstance = com.pcwk.ehr.JunitUserDaoTest@200a26bc, testMethod = addAndGet@JunitUserDaoTest, testException = [null], mergedContextConfiguration = [MergedContextConfiguration@11bd0f3b testClass = JunitUserDaoTest, locations = '{classpath:/applicationContext.xml}', classes = '{}', contextInitializerClasses = '[]', activeProfiles = '{}', propertySourceLocations = '{}', propertySourceProperties = '{}', contextCustomizers = set[[empty]], contextLoader = 'org.springframework.test.context.support.DelegatingSmartContextLoader', parent = [null]], attributes = map['org.springframework.test.context.event.ApplicationEventsTestExecutionListener.recordApplicationEvents' -> false]], class annotated with @DirtiesContext [false] with mode [null], method annotated with @DirtiesContext [false] with mode [null].
[2022-06-10 14:03:18.241] DEBUG DefaultCacheAwareContextLoaderDelegate.loadContext(DefaultCacheAwareContextLoaderDelegate.java:137) - Retrieved ApplicationContext [285133380] from cache with key [[MergedContextConfiguration@11bd0f3b testClass = JunitUserDaoTest, locations = '{classpath:/applicationContext.xml}', classes = '{}', contextInitializerClasses = '[]', activeProfiles = '{}', propertySourceLocations = '{}', propertySourceProperties = '{}', contextCustomizers = set[[empty]], contextLoader = 'org.springframework.test.context.support.DelegatingSmartContextLoader', parent = [null]]]
[2022-06-10 14:03:18.241] DEBUG DefaultContextCache.logStatistics(DefaultContextCache.java:290) - Spring test ApplicationContext cache statistics: [DefaultContextCache@436c81a3 size = 1, maxSize = 32, parentContextCount = 0, hitCount = 8, missCount = 1]
[2022-06-10 14:03:18.241] DEBUG JunitUserDaoTest.setUp(JunitUserDaoTest.java:39) - =======================
[2022-06-10 14:03:18.241] DEBUG JunitUserDaoTest.setUp(JunitUserDaoTest.java:40) - =0. setUp()=
[2022-06-10 14:03:18.241] DEBUG JunitUserDaoTest.setUp(JunitUserDaoTest.java:41) - =======================
[2022-06-10 14:03:18.242] DEBUG JunitUserDaoTest.setUp(JunitUserDaoTest.java:47) - context:org.springframework.context.support.GenericApplicationContext@10feca44, started on Fri Jun 10 14:03:07 KST 2022
[2022-06-10 14:03:18.242] DEBUG JunitUserDaoTest.setUp(JunitUserDaoTest.java:48) - dao:com.pcwk.ehr.UserDaoImpl@4ff8d125
[2022-06-10 14:03:18.242] DEBUG DefaultCacheAwareContextLoaderDelegate.loadContext(DefaultCacheAwareContextLoaderDelegate.java:137) - Retrieved ApplicationContext [285133380] from cache with key [[MergedContextConfiguration@11bd0f3b testClass = JunitUserDaoTest, locations = '{classpath:/applicationContext.xml}', classes = '{}', contextInitializerClasses = '[]', activeProfiles = '{}', propertySourceLocations = '{}', propertySourceProperties = '{}', contextCustomizers = set[[empty]], contextLoader = 'org.springframework.test.context.support.DelegatingSmartContextLoader', parent = [null]]]
[2022-06-10 14:03:18.242] DEBUG DefaultContextCache.logStatistics(DefaultContextCache.java:290) - Spring test ApplicationContext cache statistics: [DefaultContextCache@436c81a3 size = 1, maxSize = 32, parentContextCount = 0, hitCount = 9, missCount = 1]
[2022-06-10 14:03:18.242] DEBUG JunitUserDaoTest.addAndGet(JunitUserDaoTest.java:132) - =======================
[2022-06-10 14:03:18.242] DEBUG JunitUserDaoTest.addAndGet(JunitUserDaoTest.java:133) - =1. setUp()=
[2022-06-10 14:03:18.242] DEBUG JunitUserDaoTest.addAndGet(JunitUserDaoTest.java:134) - =======================
[2022-06-10 14:03:18.242] DEBUG UserDaoImpl.doDelete(UserDaoImpl.java:266) - =============================
[2022-06-10 14:03:18.242] DEBUG UserDaoImpl.doDelete(UserDaoImpl.java:267) - param :UserVO [uId=p07, name=김주혜07, passwd=4321, level=BASIC, login=1, recommend=0, email=joohea5943@naver.com, regDt=날짜_사용안함, toString()=com.pcwk.ehr.UserVO@1b5bc39d]
[2022-06-10 14:03:18.242] DEBUG UserDaoImpl.doDelete(UserDaoImpl.java:268) - sql : 
 DELETE FROM hr_member 
 WHERE u_id = ?        

[2022-06-10 14:03:18.243] DEBUG UserDaoImpl.doDelete(UserDaoImpl.java:269) - =============================
[2022-06-10 14:03:18.243] DEBUG UserDaoImpl.doDelete(UserDaoImpl.java:274) - Object param : p07
[2022-06-10 14:03:18.243] DEBUG JdbcTemplate.update(JdbcTemplate.java:958) - Executing prepared SQL update
[2022-06-10 14:03:18.243] DEBUG JdbcTemplate.execute(JdbcTemplate.java:643) - Executing prepared SQL statement [ DELETE FROM hr_member 
 WHERE u_id = ?        
]
[2022-06-10 14:03:18.243] DEBUG DataSourceUtils.doGetConnection(DataSourceUtils.java:116) - Fetching JDBC Connection from DataSource
[2022-06-10 14:03:18.243] DEBUG SimpleDriverDataSource.getConnectionFromDriver(SimpleDriverDataSource.java:142) - Creating new JDBC Driver Connection to [jdbc:oracle:thin:@192.168.3.101:1521:xe]
[2022-06-10 14:03:18.899] DEBUG UserDaoImpl.doDelete(UserDaoImpl.java:278) - flag: 0
[2022-06-10 14:03:18.900] DEBUG UserDaoImpl.doDelete(UserDaoImpl.java:266) - =============================
[2022-06-10 14:03:18.900] DEBUG UserDaoImpl.doDelete(UserDaoImpl.java:267) - param :UserVO [uId=p070, name=김주혜070, passwd=4321, level=SILVER, login=50, recommend=2, email=joohea5943@naver.com, regDt=날짜_사용안함, toString()=com.pcwk.ehr.UserVO@34abdee4]
[2022-06-10 14:03:18.900] DEBUG UserDaoImpl.doDelete(UserDaoImpl.java:268) - sql : 
 DELETE FROM hr_member 
 WHERE u_id = ?        

[2022-06-10 14:03:18.901] DEBUG UserDaoImpl.doDelete(UserDaoImpl.java:269) - =============================
[2022-06-10 14:03:18.901] DEBUG UserDaoImpl.doDelete(UserDaoImpl.java:274) - Object param : p070
[2022-06-10 14:03:18.901] DEBUG JdbcTemplate.update(JdbcTemplate.java:958) - Executing prepared SQL update
[2022-06-10 14:03:18.902] DEBUG JdbcTemplate.execute(JdbcTemplate.java:643) - Executing prepared SQL statement [ DELETE FROM hr_member 
 WHERE u_id = ?        
]
[2022-06-10 14:03:18.903] DEBUG DataSourceUtils.doGetConnection(DataSourceUtils.java:116) - Fetching JDBC Connection from DataSource
[2022-06-10 14:03:18.903] DEBUG SimpleDriverDataSource.getConnectionFromDriver(SimpleDriverDataSource.java:142) - Creating new JDBC Driver Connection to [jdbc:oracle:thin:@192.168.3.101:1521:xe]
[2022-06-10 14:03:19.294] DEBUG UserDaoImpl.doDelete(UserDaoImpl.java:278) - flag: 0
[2022-06-10 14:03:19.294] DEBUG UserDaoImpl.doDelete(UserDaoImpl.java:266) - =============================
[2022-06-10 14:03:19.294] DEBUG UserDaoImpl.doDelete(UserDaoImpl.java:267) - param :UserVO [uId=p0700, name=김주혜0700, passwd=4321, level=GOLD, login=100, recommend=31, email=joohea5943@naver.com, regDt=날짜_사용안함, toString()=com.pcwk.ehr.UserVO@1df98368]
[2022-06-10 14:03:19.295] DEBUG UserDaoImpl.doDelete(UserDaoImpl.java:268) - sql : 
 DELETE FROM hr_member 
 WHERE u_id = ?        

[2022-06-10 14:03:19.295] DEBUG UserDaoImpl.doDelete(UserDaoImpl.java:269) - =============================
[2022-06-10 14:03:19.295] DEBUG UserDaoImpl.doDelete(UserDaoImpl.java:274) - Object param : p0700
[2022-06-10 14:03:19.296] DEBUG JdbcTemplate.update(JdbcTemplate.java:958) - Executing prepared SQL update
[2022-06-10 14:03:19.296] DEBUG JdbcTemplate.execute(JdbcTemplate.java:643) - Executing prepared SQL statement [ DELETE FROM hr_member 
 WHERE u_id = ?        
]
[2022-06-10 14:03:19.296] DEBUG DataSourceUtils.doGetConnection(DataSourceUtils.java:116) - Fetching JDBC Connection from DataSource
[2022-06-10 14:03:19.297] DEBUG SimpleDriverDataSource.getConnectionFromDriver(SimpleDriverDataSource.java:142) - Creating new JDBC Driver Connection to [jdbc:oracle:thin:@192.168.3.101:1521:xe]
[2022-06-10 14:03:19.693] DEBUG UserDaoImpl.doDelete(UserDaoImpl.java:278) - flag: 0
[2022-06-10 14:03:19.694] DEBUG UserDaoImpl.getCount(UserDaoImpl.java:133) - =============================
[2022-06-10 14:03:19.694] DEBUG UserDaoImpl.getCount(UserDaoImpl.java:134) - param : UserVO [uId=p07, name=김주혜07, passwd=4321, level=BASIC, login=1, recommend=0, email=joohea5943@naver.com, regDt=날짜_사용안함, toString()=com.pcwk.ehr.UserVO@1b5bc39d]
[2022-06-10 14:03:19.694] DEBUG UserDaoImpl.getCount(UserDaoImpl.java:135) - sql: 
  SELECT COUNT(*) AS cnt    
 FROM hr_member            
 WHERE u_id LIKE ?  || '%' 

[2022-06-10 14:03:19.695] DEBUG UserDaoImpl.getCount(UserDaoImpl.java:136) - =============================
[2022-06-10 14:03:19.695] DEBUG UserDaoImpl.getCount(UserDaoImpl.java:138) - Object param: p07
[2022-06-10 14:03:19.695] DEBUG JdbcTemplate.query(JdbcTemplate.java:711) - Executing prepared SQL query
[2022-06-10 14:03:19.696] DEBUG JdbcTemplate.execute(JdbcTemplate.java:643) - Executing prepared SQL statement [ SELECT COUNT(*) AS cnt    
 FROM hr_member            
 WHERE u_id LIKE ?  || '%' 
]
[2022-06-10 14:03:19.696] DEBUG DataSourceUtils.doGetConnection(DataSourceUtils.java:116) - Fetching JDBC Connection from DataSource
[2022-06-10 14:03:19.696] DEBUG SimpleDriverDataSource.getConnectionFromDriver(SimpleDriverDataSource.java:142) - Creating new JDBC Driver Connection to [jdbc:oracle:thin:@192.168.3.101:1521:xe]
[2022-06-10 14:03:19.953] DEBUG UserDaoImpl.getCount(UserDaoImpl.java:141) - ====================
[2022-06-10 14:03:19.953] DEBUG UserDaoImpl.getCount(UserDaoImpl.java:142) - =count=2
[2022-06-10 14:03:19.954] DEBUG UserDaoImpl.getCount(UserDaoImpl.java:143) - ====================
[2022-06-10 14:03:19.954] DEBUG DefaultCacheAwareContextLoaderDelegate.loadContext(DefaultCacheAwareContextLoaderDelegate.java:137) - Retrieved ApplicationContext [285133380] from cache with key [[MergedContextConfiguration@11bd0f3b testClass = JunitUserDaoTest, locations = '{classpath:/applicationContext.xml}', classes = '{}', contextInitializerClasses = '[]', activeProfiles = '{}', propertySourceLocations = '{}', propertySourceProperties = '{}', contextCustomizers = set[[empty]], contextLoader = 'org.springframework.test.context.support.DelegatingSmartContextLoader', parent = [null]]]
[2022-06-10 14:03:19.955] DEBUG DefaultContextCache.logStatistics(DefaultContextCache.java:290) - Spring test ApplicationContext cache statistics: [DefaultContextCache@436c81a3 size = 1, maxSize = 32, parentContextCount = 0, hitCount = 10, missCount = 1]
[2022-06-10 14:03:19.955] DEBUG JunitUserDaoTest.tearDown(JunitUserDaoTest.java:195) - =======================
[2022-06-10 14:03:19.955] DEBUG JunitUserDaoTest.tearDown(JunitUserDaoTest.java:196) - =9. tearDown()=
[2022-06-10 14:03:19.956] DEBUG JunitUserDaoTest.tearDown(JunitUserDaoTest.java:197) - =======================
[2022-06-10 14:03:19.956] DEBUG DefaultCacheAwareContextLoaderDelegate.loadContext(DefaultCacheAwareContextLoaderDelegate.java:137) - Retrieved ApplicationContext [285133380] from cache with key [[MergedContextConfiguration@11bd0f3b testClass = JunitUserDaoTest, locations = '{classpath:/applicationContext.xml}', classes = '{}', contextInitializerClasses = '[]', activeProfiles = '{}', propertySourceLocations = '{}', propertySourceProperties = '{}', contextCustomizers = set[[empty]], contextLoader = 'org.springframework.test.context.support.DelegatingSmartContextLoader', parent = [null]]]
[2022-06-10 14:03:19.956] DEBUG DefaultContextCache.logStatistics(DefaultContextCache.java:290) - Spring test ApplicationContext cache statistics: [DefaultContextCache@436c81a3 size = 1, maxSize = 32, parentContextCount = 0, hitCount = 11, missCount = 1]
[2022-06-10 14:03:19.958] DEBUG AbstractDirtiesContextTestExecutionListener.beforeOrAfterTestMethod(AbstractDirtiesContextTestExecutionListener.java:108) - After test method: context [DefaultTestContext@69e1dd28 testClass = JunitUserDaoTest, testInstance = com.pcwk.ehr.JunitUserDaoTest@200a26bc, testMethod = addAndGet@JunitUserDaoTest, testException = java.lang.AssertionError: expected:<0> but was:<2>, mergedContextConfiguration = [MergedContextConfiguration@11bd0f3b testClass = JunitUserDaoTest, locations = '{classpath:/applicationContext.xml}', classes = '{}', contextInitializerClasses = '[]', activeProfiles = '{}', propertySourceLocations = '{}', propertySourceProperties = '{}', contextCustomizers = set[[empty]], contextLoader = 'org.springframework.test.context.support.DelegatingSmartContextLoader', parent = [null]], attributes = map['org.springframework.test.context.event.ApplicationEventsTestExecutionListener.recordApplicationEvents' -> false]], class annotated with @DirtiesContext [false] with mode [null], method annotated with @DirtiesContext [false] with mode [null].
]]></system-out>
  </testcase>
  <testcase name="getFailure" classname="com.pcwk.ehr.JunitUserDaoTest" time="0">
    <skipped/>
  </testcase>
  <testcase name="doUpdate" classname="com.pcwk.ehr.JunitUserDaoTest" time="1.071">
    <failure message="expected:&lt;0&gt; but was:&lt;2&gt;" type="java.lang.AssertionError"><![CDATA[java.lang.AssertionError: expected:<0> but was:<2>
	at com.pcwk.ehr.JunitUserDaoTest.doUpdate(JunitUserDaoTest.java:68)
]]></failure>
    <system-out><![CDATA[[2022-06-10 14:03:19.959] DEBUG ProfileValueUtils.retrieveProfileValueSource(ProfileValueUtils.java:70) - Retrieved @ProfileValueSourceConfiguration [null] for test class [com.pcwk.ehr.JunitUserDaoTest]
[2022-06-10 14:03:19.960] DEBUG ProfileValueUtils.retrieveProfileValueSource(ProfileValueUtils.java:83) - Retrieved ProfileValueSource type [class org.springframework.test.annotation.SystemProfileValueSource] for class [com.pcwk.ehr.JunitUserDaoTest]
[2022-06-10 14:03:19.960] DEBUG DependencyInjectionTestExecutionListener.prepareTestInstance(DependencyInjectionTestExecutionListener.java:81) - Performing dependency injection for test context [[DefaultTestContext@69e1dd28 testClass = JunitUserDaoTest, testInstance = com.pcwk.ehr.JunitUserDaoTest@1a6f2363, testMethod = [null], testException = [null], mergedContextConfiguration = [MergedContextConfiguration@11bd0f3b testClass = JunitUserDaoTest, locations = '{classpath:/applicationContext.xml}', classes = '{}', contextInitializerClasses = '[]', activeProfiles = '{}', propertySourceLocations = '{}', propertySourceProperties = '{}', contextCustomizers = set[[empty]], contextLoader = 'org.springframework.test.context.support.DelegatingSmartContextLoader', parent = [null]], attributes = map['org.springframework.test.context.event.ApplicationEventsTestExecutionListener.recordApplicationEvents' -> false]]].
[2022-06-10 14:03:19.960] DEBUG DefaultCacheAwareContextLoaderDelegate.loadContext(DefaultCacheAwareContextLoaderDelegate.java:137) - Retrieved ApplicationContext [285133380] from cache with key [[MergedContextConfiguration@11bd0f3b testClass = JunitUserDaoTest, locations = '{classpath:/applicationContext.xml}', classes = '{}', contextInitializerClasses = '[]', activeProfiles = '{}', propertySourceLocations = '{}', propertySourceProperties = '{}', contextCustomizers = set[[empty]], contextLoader = 'org.springframework.test.context.support.DelegatingSmartContextLoader', parent = [null]]]
[2022-06-10 14:03:19.961] DEBUG DefaultContextCache.logStatistics(DefaultContextCache.java:290) - Spring test ApplicationContext cache statistics: [DefaultContextCache@436c81a3 size = 1, maxSize = 32, parentContextCount = 0, hitCount = 12, missCount = 1]
[2022-06-10 14:03:19.961] DEBUG DefaultCacheAwareContextLoaderDelegate.loadContext(DefaultCacheAwareContextLoaderDelegate.java:137) - Retrieved ApplicationContext [285133380] from cache with key [[MergedContextConfiguration@11bd0f3b testClass = JunitUserDaoTest, locations = '{classpath:/applicationContext.xml}', classes = '{}', contextInitializerClasses = '[]', activeProfiles = '{}', propertySourceLocations = '{}', propertySourceProperties = '{}', contextCustomizers = set[[empty]], contextLoader = 'org.springframework.test.context.support.DelegatingSmartContextLoader', parent = [null]]]
[2022-06-10 14:03:19.961] DEBUG DefaultContextCache.logStatistics(DefaultContextCache.java:290) - Spring test ApplicationContext cache statistics: [DefaultContextCache@436c81a3 size = 1, maxSize = 32, parentContextCount = 0, hitCount = 13, missCount = 1]
[2022-06-10 14:03:19.962] DEBUG AbstractDirtiesContextTestExecutionListener.beforeOrAfterTestMethod(AbstractDirtiesContextTestExecutionListener.java:108) - Before test method: context [DefaultTestContext@69e1dd28 testClass = JunitUserDaoTest, testInstance = com.pcwk.ehr.JunitUserDaoTest@1a6f2363, testMethod = doUpdate@JunitUserDaoTest, testException = [null], mergedContextConfiguration = [MergedContextConfiguration@11bd0f3b testClass = JunitUserDaoTest, locations = '{classpath:/applicationContext.xml}', classes = '{}', contextInitializerClasses = '[]', activeProfiles = '{}', propertySourceLocations = '{}', propertySourceProperties = '{}', contextCustomizers = set[[empty]], contextLoader = 'org.springframework.test.context.support.DelegatingSmartContextLoader', parent = [null]], attributes = map['org.springframework.test.context.event.ApplicationEventsTestExecutionListener.recordApplicationEvents' -> false]], class annotated with @DirtiesContext [false] with mode [null], method annotated with @DirtiesContext [false] with mode [null].
[2022-06-10 14:03:19.962] DEBUG DefaultCacheAwareContextLoaderDelegate.loadContext(DefaultCacheAwareContextLoaderDelegate.java:137) - Retrieved ApplicationContext [285133380] from cache with key [[MergedContextConfiguration@11bd0f3b testClass = JunitUserDaoTest, locations = '{classpath:/applicationContext.xml}', classes = '{}', contextInitializerClasses = '[]', activeProfiles = '{}', propertySourceLocations = '{}', propertySourceProperties = '{}', contextCustomizers = set[[empty]], contextLoader = 'org.springframework.test.context.support.DelegatingSmartContextLoader', parent = [null]]]
[2022-06-10 14:03:19.962] DEBUG DefaultContextCache.logStatistics(DefaultContextCache.java:290) - Spring test ApplicationContext cache statistics: [DefaultContextCache@436c81a3 size = 1, maxSize = 32, parentContextCount = 0, hitCount = 14, missCount = 1]
[2022-06-10 14:03:19.962] DEBUG JunitUserDaoTest.setUp(JunitUserDaoTest.java:39) - =======================
[2022-06-10 14:03:19.962] DEBUG JunitUserDaoTest.setUp(JunitUserDaoTest.java:40) - =0. setUp()=
[2022-06-10 14:03:19.962] DEBUG JunitUserDaoTest.setUp(JunitUserDaoTest.java:41) - =======================
[2022-06-10 14:03:19.963] DEBUG JunitUserDaoTest.setUp(JunitUserDaoTest.java:47) - context:org.springframework.context.support.GenericApplicationContext@10feca44, started on Fri Jun 10 14:03:07 KST 2022
[2022-06-10 14:03:19.963] DEBUG JunitUserDaoTest.setUp(JunitUserDaoTest.java:48) - dao:com.pcwk.ehr.UserDaoImpl@4ff8d125
[2022-06-10 14:03:19.963] DEBUG DefaultCacheAwareContextLoaderDelegate.loadContext(DefaultCacheAwareContextLoaderDelegate.java:137) - Retrieved ApplicationContext [285133380] from cache with key [[MergedContextConfiguration@11bd0f3b testClass = JunitUserDaoTest, locations = '{classpath:/applicationContext.xml}', classes = '{}', contextInitializerClasses = '[]', activeProfiles = '{}', propertySourceLocations = '{}', propertySourceProperties = '{}', contextCustomizers = set[[empty]], contextLoader = 'org.springframework.test.context.support.DelegatingSmartContextLoader', parent = [null]]]
[2022-06-10 14:03:19.963] DEBUG DefaultContextCache.logStatistics(DefaultContextCache.java:290) - Spring test ApplicationContext cache statistics: [DefaultContextCache@436c81a3 size = 1, maxSize = 32, parentContextCount = 0, hitCount = 15, missCount = 1]
[2022-06-10 14:03:19.963] DEBUG UserDaoImpl.doDelete(UserDaoImpl.java:266) - =============================
[2022-06-10 14:03:19.963] DEBUG UserDaoImpl.doDelete(UserDaoImpl.java:267) - param :UserVO [uId=p07, name=김주혜07, passwd=4321, level=BASIC, login=1, recommend=0, email=joohea5943@naver.com, regDt=날짜_사용안함, toString()=com.pcwk.ehr.UserVO@5ebd56e9]
[2022-06-10 14:03:19.963] DEBUG UserDaoImpl.doDelete(UserDaoImpl.java:268) - sql : 
 DELETE FROM hr_member 
 WHERE u_id = ?        

[2022-06-10 14:03:19.964] DEBUG UserDaoImpl.doDelete(UserDaoImpl.java:269) - =============================
[2022-06-10 14:03:19.964] DEBUG UserDaoImpl.doDelete(UserDaoImpl.java:274) - Object param : p07
[2022-06-10 14:03:19.964] DEBUG JdbcTemplate.update(JdbcTemplate.java:958) - Executing prepared SQL update
[2022-06-10 14:03:19.964] DEBUG JdbcTemplate.execute(JdbcTemplate.java:643) - Executing prepared SQL statement [ DELETE FROM hr_member 
 WHERE u_id = ?        
]
[2022-06-10 14:03:19.964] DEBUG DataSourceUtils.doGetConnection(DataSourceUtils.java:116) - Fetching JDBC Connection from DataSource
[2022-06-10 14:03:19.964] DEBUG SimpleDriverDataSource.getConnectionFromDriver(SimpleDriverDataSource.java:142) - Creating new JDBC Driver Connection to [jdbc:oracle:thin:@192.168.3.101:1521:xe]
[2022-06-10 14:03:20.146] DEBUG UserDaoImpl.doDelete(UserDaoImpl.java:278) - flag: 0
[2022-06-10 14:03:20.147] DEBUG UserDaoImpl.doDelete(UserDaoImpl.java:266) - =============================
[2022-06-10 14:03:20.147] DEBUG UserDaoImpl.doDelete(UserDaoImpl.java:267) - param :UserVO [uId=p070, name=김주혜070, passwd=4321, level=SILVER, login=50, recommend=2, email=joohea5943@naver.com, regDt=날짜_사용안함, toString()=com.pcwk.ehr.UserVO@1b58ff9e]
[2022-06-10 14:03:20.147] DEBUG UserDaoImpl.doDelete(UserDaoImpl.java:268) - sql : 
 DELETE FROM hr_member 
 WHERE u_id = ?        

[2022-06-10 14:03:20.148] DEBUG UserDaoImpl.doDelete(UserDaoImpl.java:269) - =============================
[2022-06-10 14:03:20.148] DEBUG UserDaoImpl.doDelete(UserDaoImpl.java:274) - Object param : p070
[2022-06-10 14:03:20.148] DEBUG JdbcTemplate.update(JdbcTemplate.java:958) - Executing prepared SQL update
[2022-06-10 14:03:20.148] DEBUG JdbcTemplate.execute(JdbcTemplate.java:643) - Executing prepared SQL statement [ DELETE FROM hr_member 
 WHERE u_id = ?        
]
[2022-06-10 14:03:20.149] DEBUG DataSourceUtils.doGetConnection(DataSourceUtils.java:116) - Fetching JDBC Connection from DataSource
[2022-06-10 14:03:20.149] DEBUG SimpleDriverDataSource.getConnectionFromDriver(SimpleDriverDataSource.java:142) - Creating new JDBC Driver Connection to [jdbc:oracle:thin:@192.168.3.101:1521:xe]
[2022-06-10 14:03:20.508] DEBUG UserDaoImpl.doDelete(UserDaoImpl.java:278) - flag: 0
[2022-06-10 14:03:20.509] DEBUG UserDaoImpl.doDelete(UserDaoImpl.java:266) - =============================
[2022-06-10 14:03:20.509] DEBUG UserDaoImpl.doDelete(UserDaoImpl.java:267) - param :UserVO [uId=p0700, name=김주혜0700, passwd=4321, level=GOLD, login=100, recommend=31, email=joohea5943@naver.com, regDt=날짜_사용안함, toString()=com.pcwk.ehr.UserVO@76318a7d]
[2022-06-10 14:03:20.509] DEBUG UserDaoImpl.doDelete(UserDaoImpl.java:268) - sql : 
 DELETE FROM hr_member 
 WHERE u_id = ?        

[2022-06-10 14:03:20.510] DEBUG UserDaoImpl.doDelete(UserDaoImpl.java:269) - =============================
[2022-06-10 14:03:20.510] DEBUG UserDaoImpl.doDelete(UserDaoImpl.java:274) - Object param : p0700
[2022-06-10 14:03:20.510] DEBUG JdbcTemplate.update(JdbcTemplate.java:958) - Executing prepared SQL update
[2022-06-10 14:03:20.511] DEBUG JdbcTemplate.execute(JdbcTemplate.java:643) - Executing prepared SQL statement [ DELETE FROM hr_member 
 WHERE u_id = ?        
]
[2022-06-10 14:03:20.511] DEBUG DataSourceUtils.doGetConnection(DataSourceUtils.java:116) - Fetching JDBC Connection from DataSource
[2022-06-10 14:03:20.511] DEBUG SimpleDriverDataSource.getConnectionFromDriver(SimpleDriverDataSource.java:142) - Creating new JDBC Driver Connection to [jdbc:oracle:thin:@192.168.3.101:1521:xe]
[2022-06-10 14:03:20.761] DEBUG UserDaoImpl.doDelete(UserDaoImpl.java:278) - flag: 0
[2022-06-10 14:03:20.761] DEBUG UserDaoImpl.getCount(UserDaoImpl.java:133) - =============================
[2022-06-10 14:03:20.762] DEBUG UserDaoImpl.getCount(UserDaoImpl.java:134) - param : UserVO [uId=p07, name=김주혜07, passwd=4321, level=BASIC, login=1, recommend=0, email=joohea5943@naver.com, regDt=날짜_사용안함, toString()=com.pcwk.ehr.UserVO@5ebd56e9]
[2022-06-10 14:03:20.762] DEBUG UserDaoImpl.getCount(UserDaoImpl.java:135) - sql: 
  SELECT COUNT(*) AS cnt    
 FROM hr_member            
 WHERE u_id LIKE ?  || '%' 

[2022-06-10 14:03:20.762] DEBUG UserDaoImpl.getCount(UserDaoImpl.java:136) - =============================
[2022-06-10 14:03:20.762] DEBUG UserDaoImpl.getCount(UserDaoImpl.java:138) - Object param: p07
[2022-06-10 14:03:20.763] DEBUG JdbcTemplate.query(JdbcTemplate.java:711) - Executing prepared SQL query
[2022-06-10 14:03:20.763] DEBUG JdbcTemplate.execute(JdbcTemplate.java:643) - Executing prepared SQL statement [ SELECT COUNT(*) AS cnt    
 FROM hr_member            
 WHERE u_id LIKE ?  || '%' 
]
[2022-06-10 14:03:20.764] DEBUG DataSourceUtils.doGetConnection(DataSourceUtils.java:116) - Fetching JDBC Connection from DataSource
[2022-06-10 14:03:20.764] DEBUG SimpleDriverDataSource.getConnectionFromDriver(SimpleDriverDataSource.java:142) - Creating new JDBC Driver Connection to [jdbc:oracle:thin:@192.168.3.101:1521:xe]
[2022-06-10 14:03:21.026] DEBUG UserDaoImpl.getCount(UserDaoImpl.java:141) - ====================
[2022-06-10 14:03:21.027] DEBUG UserDaoImpl.getCount(UserDaoImpl.java:142) - =count=2
[2022-06-10 14:03:21.027] DEBUG UserDaoImpl.getCount(UserDaoImpl.java:143) - ====================
[2022-06-10 14:03:21.028] DEBUG DefaultCacheAwareContextLoaderDelegate.loadContext(DefaultCacheAwareContextLoaderDelegate.java:137) - Retrieved ApplicationContext [285133380] from cache with key [[MergedContextConfiguration@11bd0f3b testClass = JunitUserDaoTest, locations = '{classpath:/applicationContext.xml}', classes = '{}', contextInitializerClasses = '[]', activeProfiles = '{}', propertySourceLocations = '{}', propertySourceProperties = '{}', contextCustomizers = set[[empty]], contextLoader = 'org.springframework.test.context.support.DelegatingSmartContextLoader', parent = [null]]]
[2022-06-10 14:03:21.028] DEBUG DefaultContextCache.logStatistics(DefaultContextCache.java:290) - Spring test ApplicationContext cache statistics: [DefaultContextCache@436c81a3 size = 1, maxSize = 32, parentContextCount = 0, hitCount = 16, missCount = 1]
[2022-06-10 14:03:21.029] DEBUG JunitUserDaoTest.tearDown(JunitUserDaoTest.java:195) - =======================
[2022-06-10 14:03:21.029] DEBUG JunitUserDaoTest.tearDown(JunitUserDaoTest.java:196) - =9. tearDown()=
[2022-06-10 14:03:21.029] DEBUG JunitUserDaoTest.tearDown(JunitUserDaoTest.java:197) - =======================
[2022-06-10 14:03:21.030] DEBUG DefaultCacheAwareContextLoaderDelegate.loadContext(DefaultCacheAwareContextLoaderDelegate.java:137) - Retrieved ApplicationContext [285133380] from cache with key [[MergedContextConfiguration@11bd0f3b testClass = JunitUserDaoTest, locations = '{classpath:/applicationContext.xml}', classes = '{}', contextInitializerClasses = '[]', activeProfiles = '{}', propertySourceLocations = '{}', propertySourceProperties = '{}', contextCustomizers = set[[empty]], contextLoader = 'org.springframework.test.context.support.DelegatingSmartContextLoader', parent = [null]]]
[2022-06-10 14:03:21.030] DEBUG DefaultContextCache.logStatistics(DefaultContextCache.java:290) - Spring test ApplicationContext cache statistics: [DefaultContextCache@436c81a3 size = 1, maxSize = 32, parentContextCount = 0, hitCount = 17, missCount = 1]
[2022-06-10 14:03:21.031] DEBUG AbstractDirtiesContextTestExecutionListener.beforeOrAfterTestMethod(AbstractDirtiesContextTestExecutionListener.java:108) - After test method: context [DefaultTestContext@69e1dd28 testClass = JunitUserDaoTest, testInstance = com.pcwk.ehr.JunitUserDaoTest@1a6f2363, testMethod = doUpdate@JunitUserDaoTest, testException = java.lang.AssertionError: expected:<0> but was:<2>, mergedContextConfiguration = [MergedContextConfiguration@11bd0f3b testClass = JunitUserDaoTest, locations = '{classpath:/applicationContext.xml}', classes = '{}', contextInitializerClasses = '[]', activeProfiles = '{}', propertySourceLocations = '{}', propertySourceProperties = '{}', contextCustomizers = set[[empty]], contextLoader = 'org.springframework.test.context.support.DelegatingSmartContextLoader', parent = [null]], attributes = map['org.springframework.test.context.event.ApplicationEventsTestExecutionListener.recordApplicationEvents' -> false]], class annotated with @DirtiesContext [false] with mode [null], method annotated with @DirtiesContext [false] with mode [null].
]]></system-out>
  </testcase>
</testsuite>